<?xml version="1.0" encoding="utf-8" standalone="no"?>
<!--This file represents the results of running a test suite-->
<test-results name="C:\Users\Administrator\Documents\GLG\Projects\Tasks\Unit Tests\Tasks.nunit" total="1" errors="1" failures="0" not-run="0" inconclusive="0" ignored="0" skipped="0" invalid="0" date="2010-02-15" time="18:04:40">
  <environment nunit-version="2.5.2.9222" clr-version="2.0.50727.3074" os-version="Microsoft Windows NT 6.0.6001 Service Pack 1" platform="Win32NT" cwd="C:\Program Files\NUnit 2.5.2\bin\net-2.0" machine-name="JUSTINSMITH3282" user="Administrator" user-domain="JUSTINSMITH3282" />
  <culture-info current-culture="en-US" current-uiculture="en-US" />
  <test-suite name="C:\Users\Administrator\Documents\GLG\Projects\Tasks\Unit Tests\Tasks.nunit" executed="True" success="False" time="0.281" asserts="0">
    <results>
      <test-suite name="C:\Users\Administrator\Documents\GLG\Projects\Tasks\Unit Tests\JSmith.MSBuild.Tasks.Flex.Tests\bin\Debug\JSmith.MSBuild.Tasks.Flex.Tests.dll" executed="True" success="False" time="0.266" asserts="0">
        <results>
          <test-suite name="JSmith" executed="True" success="False" time="0.266" asserts="0">
            <results>
              <test-suite name="MSBuild" executed="True" success="False" time="0.266" asserts="0">
                <results>
                  <test-suite name="Tasks" executed="True" success="False" time="0.266" asserts="0">
                    <results>
                      <test-suite name="Flex" executed="True" success="False" time="0.266" asserts="0">
                        <results>
                          <test-suite name="Tests" executed="True" success="False" time="0.266" asserts="0">
                            <results>
                              <test-suite name="FlexComponentCompilerTests" executed="True" success="False" time="0.250" asserts="0">
                                <results>
                                  <test-case name="JSmith.MSBuild.Tasks.Flex.Tests.FlexComponentCompilerTests.TestMethod" executed="True" success="False" time="0.234" asserts="0">
                                    <failure>
                                      <message><![CDATA[System.InvalidOperationException : Task attempted to log before it was initialized. Message was: The "FlexComponentCompiler" task is using "compc.exe" from "C:\FlexSDK\3.3.0\bin\compc.exe".]]></message>
                                      <stack-trace><![CDATA[at Microsoft.Build.Shared.ErrorUtilities.ThrowInvalidOperation(String resourceName, Object[] args)
at Microsoft.Build.Shared.ErrorUtilities.VerifyThrowInvalidOperation(Boolean condition, String resourceName, Object arg0)
at Microsoft.Build.Utilities.TaskLoggingHelper.LogMessage(MessageImportance importance, String message, Object[] messageArgs)
at Microsoft.Build.Utilities.TaskLoggingHelper.LogMessageFromResources(MessageImportance importance, String messageResourceName, Object[] messageArgs)
at Microsoft.Build.Utilities.ToolTask.LogPathToTool(String toolName, String pathToTool)
at Microsoft.Build.Utilities.ToolTask.ExecuteTool(String pathToTool, String responseFileCommands, String commandLineCommands)
at Microsoft.Build.Utilities.ToolTask.Execute()
at JSmith.MSBuild.Tasks.Flex.FlexComponentCompiler.Execute() in C:\Users\Administrator\Documents\GLG\Projects\Tasks\Tasks\Flex\FlexComponentCompiler.cs:line 26
at JSmith.MSBuild.Tasks.Flex.Tests.FlexComponentCompilerTests.TestMethod() in C:\Users\Administrator\Documents\GLG\Projects\Tasks\Unit Tests\JSmith.MSBuild.Tasks.Flex.Tests\FlexComponentCompilerTests.cs:line 20
]]></stack-trace>
                                    </failure>
                                  </test-case>
                                </results>
                              </test-suite>
                            </results>
                          </test-suite>
                        </results>
                      </test-suite>
                    </results>
                  </test-suite>
                </results>
              </test-suite>
            </results>
          </test-suite>
        </results>
      </test-suite>
    </results>
  </test-suite>
</test-results>